[DEBUG] 2020-12-02 16:10:39,271 | /home/anotherguest/erpnext/projectName/apps/frappe/frappe/utils/scheduler.py:
Site: library.test
Queued events for site library.test
[DEBUG] 2020-12-02 16:11:39,429 | /home/anotherguest/erpnext/projectName/apps/frappe/frappe/utils/scheduler.py:
Site: library.test
Queued events for site library.test
[DEBUG] 2020-12-02 16:12:39,564 | /home/anotherguest/erpnext/projectName/apps/frappe/frappe/utils/scheduler.py:
Site: library.test
Queued events for site library.test
[DEBUG] 2020-12-02 16:13:39,687 | /home/anotherguest/erpnext/projectName/apps/frappe/frappe/utils/scheduler.py:
Site: library.test
Queued events for site library.test
[DEBUG] 2020-12-02 16:14:39,841 | /home/anotherguest/erpnext/projectName/apps/frappe/frappe/utils/scheduler.py:
Site: library.test
Queued events for site library.test
[DEBUG] 2020-12-02 16:15:39,999 | /home/anotherguest/erpnext/projectName/apps/frappe/frappe/utils/scheduler.py:
Site: library.test
Queued events for site library.test
[DEBUG] 2020-12-02 16:16:40,132 | /home/anotherguest/erpnext/projectName/apps/frappe/frappe/utils/scheduler.py:
Site: library.test
Queued events for site library.test
[DEBUG] 2020-12-02 16:17:40,257 | /home/anotherguest/erpnext/projectName/apps/frappe/frappe/utils/scheduler.py:
Site: library.test
Queued events for site library.test
[DEBUG] 2020-12-02 16:18:40,392 | /home/anotherguest/erpnext/projectName/apps/frappe/frappe/utils/scheduler.py:
Site: library.test
Queued events for site library.test
[DEBUG] 2020-12-02 16:19:40,551 | /home/anotherguest/erpnext/projectName/apps/frappe/frappe/utils/scheduler.py:
Site: library.test
Queued events for site library.test
[DEBUG] 2020-12-02 16:20:40,739 | /home/anotherguest/erpnext/projectName/apps/frappe/frappe/utils/scheduler.py:
Site: library.test
Queued events for site library.test
[DEBUG] 2020-12-02 16:21:40,885 | /home/anotherguest/erpnext/projectName/apps/frappe/frappe/utils/scheduler.py:
Site: library.test
Queued events for site library.test
[DEBUG] 2020-12-02 16:22:41,027 | /home/anotherguest/erpnext/projectName/apps/frappe/frappe/utils/scheduler.py:
Site: library.test
Queued events for site library.test
[DEBUG] 2020-12-02 16:23:41,162 | /home/anotherguest/erpnext/projectName/apps/frappe/frappe/utils/scheduler.py:
Site: library.test
Queued events for site library.test
[DEBUG] 2020-12-02 16:24:41,303 | /home/anotherguest/erpnext/projectName/apps/frappe/frappe/utils/scheduler.py:
Site: library.test
Queued events for site library.test
[DEBUG] 2020-12-02 16:25:41,418 | /home/anotherguest/erpnext/projectName/apps/frappe/frappe/utils/scheduler.py:
Site: library.test
Queued events for site library.test
[DEBUG] 2020-12-02 16:26:41,572 | /home/anotherguest/erpnext/projectName/apps/frappe/frappe/utils/scheduler.py:
Site: library.test
Queued events for site library.test
[DEBUG] 2020-12-02 16:27:41,701 | /home/anotherguest/erpnext/projectName/apps/frappe/frappe/utils/scheduler.py:
Site: library.test
Queued events for site library.test
[DEBUG] 2020-12-02 16:28:41,837 | /home/anotherguest/erpnext/projectName/apps/frappe/frappe/utils/scheduler.py:
Site: library.test
Queued events for site library.test
[DEBUG] 2020-12-02 16:29:41,980 | /home/anotherguest/erpnext/projectName/apps/frappe/frappe/utils/scheduler.py:
Site: library.test
Queued events for site library.test
[DEBUG] 2020-12-02 16:30:42,100 | /home/anotherguest/erpnext/projectName/apps/frappe/frappe/utils/scheduler.py:
Site: library.test
Queued events for site library.test
[DEBUG] 2020-12-02 16:31:42,240 | /home/anotherguest/erpnext/projectName/apps/frappe/frappe/utils/scheduler.py:
Site: library.test
Queued events for site library.test
[DEBUG] 2020-12-02 16:32:42,416 | /home/anotherguest/erpnext/projectName/apps/frappe/frappe/utils/scheduler.py:
Site: library.test
Queued events for site library.test
[DEBUG] 2020-12-02 16:33:42,518 | /home/anotherguest/erpnext/projectName/apps/frappe/frappe/utils/scheduler.py:
Site: library.test
Queued events for site library.test
[DEBUG] 2020-12-02 16:34:42,664 | /home/anotherguest/erpnext/projectName/apps/frappe/frappe/utils/scheduler.py:
Site: library.test
Queued events for site library.test
[DEBUG] 2020-12-02 16:35:42,784 | /home/anotherguest/erpnext/projectName/apps/frappe/frappe/utils/scheduler.py:
Site: library.test
Queued events for site library.test
[DEBUG] 2020-12-02 16:36:42,973 | /home/anotherguest/erpnext/projectName/apps/frappe/frappe/utils/scheduler.py:
Site: library.test
Queued events for site library.test
[ERROR] 2020-12-02 16:37:09,422 | /home/anotherguest/erpnext/projectName/apps/frappe/frappe/app.py:
Site: library.test
Form Dict: {
 "cmd": "library_management.custom_api.api_library.show_article"
}
Request Error
Traceback (most recent call last):
  File "/home/anotherguest/erpnext/projectName/apps/frappe/frappe/app.py", line 64, in application
    response = frappe.api.handle()
  File "/home/anotherguest/erpnext/projectName/apps/frappe/frappe/api.py", line 59, in handle
    return frappe.handler.handle()
  File "/home/anotherguest/erpnext/projectName/apps/frappe/frappe/handler.py", line 24, in handle
    data = execute_cmd(cmd)
  File "/home/anotherguest/erpnext/projectName/apps/frappe/frappe/handler.py", line 52, in execute_cmd
    raise e
  File "/home/anotherguest/erpnext/projectName/apps/frappe/frappe/handler.py", line 49, in execute_cmd
    method = get_attr(cmd)
  File "/home/anotherguest/erpnext/projectName/apps/frappe/frappe/handler.py", line 214, in get_attr
    method = frappe.get_attr(cmd)
  File "/home/anotherguest/erpnext/projectName/apps/frappe/frappe/__init__.py", line 1055, in get_attr
    return getattr(get_module(modulename), methodname)
  File "/home/anotherguest/erpnext/projectName/apps/frappe/frappe/__init__.py", line 836, in get_module
    return importlib.import_module(modulename)
  File "/home/anotherguest/erpnext/projectName/env/lib/python3.5/importlib/__init__.py", line 126, in import_module
    return _bootstrap._gcd_import(name[level:], package, level)
  File "<frozen importlib._bootstrap>", line 986, in _gcd_import
  File "<frozen importlib._bootstrap>", line 969, in _find_and_load
  File "<frozen importlib._bootstrap>", line 958, in _find_and_load_unlocked
  File "<frozen importlib._bootstrap>", line 673, in _load_unlocked
  File "<frozen importlib._bootstrap_external>", line 665, in exec_module
  File "<frozen importlib._bootstrap>", line 222, in _call_with_frames_removed
  File "/home/anotherguest/erpnext/projectName/apps/library_management/library_management/custom_api/api_library.py", line 3, in <module>
    import retrieve_class
ImportError: No module named 'retrieve_class'
[ERROR] 2020-12-02 16:37:09,510 | /home/anotherguest/erpnext/projectName/apps/frappe/frappe/utils/error.py:
New Exception collected with id: 2020-12-02 16:37:09.422521-127.0.0.1-f7a
[DEBUG] 2020-12-02 16:37:43,104 | /home/anotherguest/erpnext/projectName/apps/frappe/frappe/utils/scheduler.py:
Site: library.test
Queued events for site library.test
[ERROR] 2020-12-02 16:38:28,412 | /home/anotherguest/erpnext/projectName/apps/frappe/frappe/app.py:
Site: library.test
Form Dict: {
 "cmd": "library_management.custom_api.api_library.show_article"
}
Request Error
Traceback (most recent call last):
  File "/home/anotherguest/erpnext/projectName/apps/frappe/frappe/app.py", line 64, in application
    response = frappe.api.handle()
  File "/home/anotherguest/erpnext/projectName/apps/frappe/frappe/api.py", line 59, in handle
    return frappe.handler.handle()
  File "/home/anotherguest/erpnext/projectName/apps/frappe/frappe/handler.py", line 24, in handle
    data = execute_cmd(cmd)
  File "/home/anotherguest/erpnext/projectName/apps/frappe/frappe/handler.py", line 52, in execute_cmd
    raise e
  File "/home/anotherguest/erpnext/projectName/apps/frappe/frappe/handler.py", line 49, in execute_cmd
    method = get_attr(cmd)
  File "/home/anotherguest/erpnext/projectName/apps/frappe/frappe/handler.py", line 214, in get_attr
    method = frappe.get_attr(cmd)
  File "/home/anotherguest/erpnext/projectName/apps/frappe/frappe/__init__.py", line 1055, in get_attr
    return getattr(get_module(modulename), methodname)
  File "/home/anotherguest/erpnext/projectName/apps/frappe/frappe/__init__.py", line 836, in get_module
    return importlib.import_module(modulename)
  File "/home/anotherguest/erpnext/projectName/env/lib/python3.5/importlib/__init__.py", line 126, in import_module
    return _bootstrap._gcd_import(name[level:], package, level)
  File "<frozen importlib._bootstrap>", line 986, in _gcd_import
  File "<frozen importlib._bootstrap>", line 969, in _find_and_load
  File "<frozen importlib._bootstrap>", line 958, in _find_and_load_unlocked
  File "<frozen importlib._bootstrap>", line 673, in _load_unlocked
  File "<frozen importlib._bootstrap_external>", line 665, in exec_module
  File "<frozen importlib._bootstrap>", line 222, in _call_with_frames_removed
  File "/home/anotherguest/erpnext/projectName/apps/library_management/library_management/custom_api/api_library.py", line 3, in <module>
    from retrieve_class import article_doc
ImportError: No module named 'retrieve_class'
[ERROR] 2020-12-02 16:38:28,542 | /home/anotherguest/erpnext/projectName/apps/frappe/frappe/utils/error.py:
New Exception collected with id: 2020-12-02 16:38:28.413199-127.0.0.1-2ae
[DEBUG] 2020-12-02 16:38:43,228 | /home/anotherguest/erpnext/projectName/apps/frappe/frappe/utils/scheduler.py:
Site: library.test
Queued events for site library.test
[DEBUG] 2020-12-02 16:39:43,368 | /home/anotherguest/erpnext/projectName/apps/frappe/frappe/utils/scheduler.py:
Site: library.test
Queued events for site library.test
[DEBUG] 2020-12-02 16:40:43,568 | /home/anotherguest/erpnext/projectName/apps/frappe/frappe/utils/scheduler.py:
Site: library.test
Queued events for site library.test
[DEBUG] 2020-12-02 16:41:43,724 | /home/anotherguest/erpnext/projectName/apps/frappe/frappe/utils/scheduler.py:
Site: library.test
Queued events for site library.test
[DEBUG] 2020-12-02 16:42:43,908 | /home/anotherguest/erpnext/projectName/apps/frappe/frappe/utils/scheduler.py:
Site: library.test
Queued events for site library.test
[DEBUG] 2020-12-02 16:43:44,025 | /home/anotherguest/erpnext/projectName/apps/frappe/frappe/utils/scheduler.py:
Site: library.test
Queued events for site library.test
[DEBUG] 2020-12-02 16:44:44,178 | /home/anotherguest/erpnext/projectName/apps/frappe/frappe/utils/scheduler.py:
Site: library.test
Queued events for site library.test
[DEBUG] 2020-12-02 16:45:44,301 | /home/anotherguest/erpnext/projectName/apps/frappe/frappe/utils/scheduler.py:
Site: library.test
Queued events for site library.test
[DEBUG] 2020-12-02 16:46:44,433 | /home/anotherguest/erpnext/projectName/apps/frappe/frappe/utils/scheduler.py:
Site: library.test
Queued events for site library.test
[DEBUG] 2020-12-02 16:47:44,570 | /home/anotherguest/erpnext/projectName/apps/frappe/frappe/utils/scheduler.py:
Site: library.test
Queued events for site library.test
[DEBUG] 2020-12-02 16:48:44,739 | /home/anotherguest/erpnext/projectName/apps/frappe/frappe/utils/scheduler.py:
Site: library.test
Queued events for site library.test
[DEBUG] 2020-12-02 16:49:44,938 | /home/anotherguest/erpnext/projectName/apps/frappe/frappe/utils/scheduler.py:
Site: library.test
Queued events for site library.test
[DEBUG] 2020-12-02 16:50:45,054 | /home/anotherguest/erpnext/projectName/apps/frappe/frappe/utils/scheduler.py:
Site: library.test
Queued events for site library.test
[DEBUG] 2020-12-02 16:51:45,163 | /home/anotherguest/erpnext/projectName/apps/frappe/frappe/utils/scheduler.py:
Site: library.test
Queued events for site library.test
[DEBUG] 2020-12-02 16:52:45,315 | /home/anotherguest/erpnext/projectName/apps/frappe/frappe/utils/scheduler.py:
Site: library.test
Queued events for site library.test
[DEBUG] 2020-12-02 16:53:45,432 | /home/anotherguest/erpnext/projectName/apps/frappe/frappe/utils/scheduler.py:
Site: library.test
Queued events for site library.test
[DEBUG] 2020-12-02 16:54:45,548 | /home/anotherguest/erpnext/projectName/apps/frappe/frappe/utils/scheduler.py:
Site: library.test
Queued events for site library.test
[DEBUG] 2020-12-02 16:55:45,674 | /home/anotherguest/erpnext/projectName/apps/frappe/frappe/utils/scheduler.py:
Site: library.test
Queued events for site library.test
[DEBUG] 2020-12-02 16:56:45,784 | /home/anotherguest/erpnext/projectName/apps/frappe/frappe/utils/scheduler.py:
Site: library.test
Queued events for site library.test
[DEBUG] 2020-12-02 16:57:45,901 | /home/anotherguest/erpnext/projectName/apps/frappe/frappe/utils/scheduler.py:
Site: library.test
Queued events for site library.test
[DEBUG] 2020-12-02 16:58:46,010 | /home/anotherguest/erpnext/projectName/apps/frappe/frappe/utils/scheduler.py:
Site: library.test
Queued events for site library.test
[DEBUG] 2020-12-02 16:59:46,117 | /home/anotherguest/erpnext/projectName/apps/frappe/frappe/utils/scheduler.py:
Site: library.test
Queued events for site library.test
[DEBUG] 2020-12-02 17:00:46,248 | /home/anotherguest/erpnext/projectName/apps/frappe/frappe/utils/scheduler.py:
Site: library.test
Queued events for site library.test
[DEBUG] 2020-12-02 17:01:46,361 | /home/anotherguest/erpnext/projectName/apps/frappe/frappe/utils/scheduler.py:
Site: library.test
Queued events for site library.test
[DEBUG] 2020-12-02 17:02:46,480 | /home/anotherguest/erpnext/projectName/apps/frappe/frappe/utils/scheduler.py:
Site: library.test
Queued events for site library.test
[ERROR] 2020-12-02 17:03:42,728 | /home/anotherguest/erpnext/projectName/apps/frappe/frappe/app.py:
Site: library.test
Form Dict: {
 "cmd": "library_management.custom_api.api_library.show_article"
}
Request Error
Traceback (most recent call last):
  File "/home/anotherguest/erpnext/projectName/apps/frappe/frappe/app.py", line 64, in application
    response = frappe.api.handle()
  File "/home/anotherguest/erpnext/projectName/apps/frappe/frappe/api.py", line 59, in handle
    return frappe.handler.handle()
  File "/home/anotherguest/erpnext/projectName/apps/frappe/frappe/handler.py", line 24, in handle
    data = execute_cmd(cmd)
  File "/home/anotherguest/erpnext/projectName/apps/frappe/frappe/handler.py", line 52, in execute_cmd
    raise e
  File "/home/anotherguest/erpnext/projectName/apps/frappe/frappe/handler.py", line 49, in execute_cmd
    method = get_attr(cmd)
  File "/home/anotherguest/erpnext/projectName/apps/frappe/frappe/handler.py", line 214, in get_attr
    method = frappe.get_attr(cmd)
  File "/home/anotherguest/erpnext/projectName/apps/frappe/frappe/__init__.py", line 1055, in get_attr
    return getattr(get_module(modulename), methodname)
  File "/home/anotherguest/erpnext/projectName/apps/frappe/frappe/__init__.py", line 836, in get_module
    return importlib.import_module(modulename)
  File "/home/anotherguest/erpnext/projectName/env/lib/python3.5/importlib/__init__.py", line 126, in import_module
    return _bootstrap._gcd_import(name[level:], package, level)
  File "<frozen importlib._bootstrap>", line 986, in _gcd_import
  File "<frozen importlib._bootstrap>", line 969, in _find_and_load
  File "<frozen importlib._bootstrap>", line 958, in _find_and_load_unlocked
  File "<frozen importlib._bootstrap>", line 673, in _load_unlocked
  File "<frozen importlib._bootstrap_external>", line 665, in exec_module
  File "<frozen importlib._bootstrap>", line 222, in _call_with_frames_removed
  File "/home/anotherguest/erpnext/projectName/apps/library_management/library_management/custom_api/api_library.py", line 3, in <module>
    from retrieve_class import article_doc
ImportError: No module named 'retrieve_class'
[ERROR] 2020-12-02 17:03:42,914 | /home/anotherguest/erpnext/projectName/apps/frappe/frappe/utils/error.py:
New Exception collected with id: 2020-12-02 17:03:42.729303-127.0.0.1-0ee
[DEBUG] 2020-12-02 17:03:46,621 | /home/anotherguest/erpnext/projectName/apps/frappe/frappe/utils/scheduler.py:
Site: library.test
Queued events for site library.test
[ERROR] 2020-12-02 17:04:28,438 | /home/anotherguest/erpnext/projectName/apps/frappe/frappe/app.py:
Site: library.test
Form Dict: {
 "cmd": "library_management.custom_api.api_library.show_article"
}
Request Error
Traceback (most recent call last):
  File "/home/anotherguest/erpnext/projectName/apps/frappe/frappe/app.py", line 64, in application
    response = frappe.api.handle()
  File "/home/anotherguest/erpnext/projectName/apps/frappe/frappe/api.py", line 59, in handle
    return frappe.handler.handle()
  File "/home/anotherguest/erpnext/projectName/apps/frappe/frappe/handler.py", line 24, in handle
    data = execute_cmd(cmd)
  File "/home/anotherguest/erpnext/projectName/apps/frappe/frappe/handler.py", line 52, in execute_cmd
    raise e
  File "/home/anotherguest/erpnext/projectName/apps/frappe/frappe/handler.py", line 49, in execute_cmd
    method = get_attr(cmd)
  File "/home/anotherguest/erpnext/projectName/apps/frappe/frappe/handler.py", line 214, in get_attr
    method = frappe.get_attr(cmd)
  File "/home/anotherguest/erpnext/projectName/apps/frappe/frappe/__init__.py", line 1055, in get_attr
    return getattr(get_module(modulename), methodname)
  File "/home/anotherguest/erpnext/projectName/apps/frappe/frappe/__init__.py", line 836, in get_module
    return importlib.import_module(modulename)
  File "/home/anotherguest/erpnext/projectName/env/lib/python3.5/importlib/__init__.py", line 126, in import_module
    return _bootstrap._gcd_import(name[level:], package, level)
  File "<frozen importlib._bootstrap>", line 986, in _gcd_import
  File "<frozen importlib._bootstrap>", line 969, in _find_and_load
  File "<frozen importlib._bootstrap>", line 958, in _find_and_load_unlocked
  File "<frozen importlib._bootstrap>", line 673, in _load_unlocked
  File "<frozen importlib._bootstrap_external>", line 665, in exec_module
  File "<frozen importlib._bootstrap>", line 222, in _call_with_frames_removed
  File "/home/anotherguest/erpnext/projectName/apps/library_management/library_management/custom_api/api_library.py", line 3, in <module>
    from retrieve_class import article_doc
ImportError: No module named 'retrieve_class'
[ERROR] 2020-12-02 17:04:28,532 | /home/anotherguest/erpnext/projectName/apps/frappe/frappe/utils/error.py:
New Exception collected with id: 2020-12-02 17:04:28.439267-127.0.0.1-534
[DEBUG] 2020-12-02 17:04:46,751 | /home/anotherguest/erpnext/projectName/apps/frappe/frappe/utils/scheduler.py:
Site: library.test
Queued events for site library.test
[DEBUG] 2020-12-02 17:05:46,859 | /home/anotherguest/erpnext/projectName/apps/frappe/frappe/utils/scheduler.py:
Site: library.test
Queued events for site library.test
[DEBUG] 2020-12-02 17:06:46,989 | /home/anotherguest/erpnext/projectName/apps/frappe/frappe/utils/scheduler.py:
Site: library.test
Queued events for site library.test
[DEBUG] 2020-12-02 17:07:47,135 | /home/anotherguest/erpnext/projectName/apps/frappe/frappe/utils/scheduler.py:
Site: library.test
Queued events for site library.test
[ERROR] 2020-12-02 17:08:33,593 | /home/anotherguest/erpnext/projectName/apps/frappe/frappe/app.py:
Site: library.test
Form Dict: {
 "_name": "test",
 "cmd": "library_management.custom_api.api_library.retrieveData"
}
Request Error
Traceback (most recent call last):
  File "/home/anotherguest/erpnext/projectName/apps/frappe/frappe/app.py", line 64, in application
    response = frappe.api.handle()
  File "/home/anotherguest/erpnext/projectName/apps/frappe/frappe/api.py", line 59, in handle
    return frappe.handler.handle()
  File "/home/anotherguest/erpnext/projectName/apps/frappe/frappe/handler.py", line 24, in handle
    data = execute_cmd(cmd)
  File "/home/anotherguest/erpnext/projectName/apps/frappe/frappe/handler.py", line 52, in execute_cmd
    raise e
  File "/home/anotherguest/erpnext/projectName/apps/frappe/frappe/handler.py", line 49, in execute_cmd
    method = get_attr(cmd)
  File "/home/anotherguest/erpnext/projectName/apps/frappe/frappe/handler.py", line 214, in get_attr
    method = frappe.get_attr(cmd)
  File "/home/anotherguest/erpnext/projectName/apps/frappe/frappe/__init__.py", line 1055, in get_attr
    return getattr(get_module(modulename), methodname)
  File "/home/anotherguest/erpnext/projectName/apps/frappe/frappe/__init__.py", line 836, in get_module
    return importlib.import_module(modulename)
  File "/home/anotherguest/erpnext/projectName/env/lib/python3.5/importlib/__init__.py", line 126, in import_module
    return _bootstrap._gcd_import(name[level:], package, level)
  File "<frozen importlib._bootstrap>", line 986, in _gcd_import
  File "<frozen importlib._bootstrap>", line 969, in _find_and_load
  File "<frozen importlib._bootstrap>", line 958, in _find_and_load_unlocked
  File "<frozen importlib._bootstrap>", line 673, in _load_unlocked
  File "<frozen importlib._bootstrap_external>", line 661, in exec_module
  File "<frozen importlib._bootstrap_external>", line 767, in get_code
  File "<frozen importlib._bootstrap_external>", line 727, in source_to_code
  File "<frozen importlib._bootstrap>", line 222, in _call_with_frames_removed
  File "/home/anotherguest/erpnext/projectName/apps/library_management/library_management/custom_api/api_library.py", line 91
    'article_name': _name or ""]
                               ^
SyntaxError: invalid syntax
[ERROR] 2020-12-02 17:08:33,691 | /home/anotherguest/erpnext/projectName/apps/frappe/frappe/utils/error.py:
New Exception collected with id: 2020-12-02 17:08:33.594025-127.0.0.1-2d5
[DEBUG] 2020-12-02 17:08:47,272 | /home/anotherguest/erpnext/projectName/apps/frappe/frappe/utils/scheduler.py:
Site: library.test
Queued events for site library.test
[ERROR] 2020-12-02 17:09:06,625 | /home/anotherguest/erpnext/projectName/apps/frappe/frappe/app.py:
Site: library.test
Form Dict: {
 "_name": "test",
 "cmd": "library_management.custom_api.api_library.retrieveData"
}
Request Error
Traceback (most recent call last):
  File "/home/anotherguest/erpnext/projectName/apps/frappe/frappe/app.py", line 64, in application
    response = frappe.api.handle()
  File "/home/anotherguest/erpnext/projectName/apps/frappe/frappe/api.py", line 59, in handle
    return frappe.handler.handle()
  File "/home/anotherguest/erpnext/projectName/apps/frappe/frappe/handler.py", line 24, in handle
    data = execute_cmd(cmd)
  File "/home/anotherguest/erpnext/projectName/apps/frappe/frappe/handler.py", line 52, in execute_cmd
    raise e
  File "/home/anotherguest/erpnext/projectName/apps/frappe/frappe/handler.py", line 49, in execute_cmd
    method = get_attr(cmd)
  File "/home/anotherguest/erpnext/projectName/apps/frappe/frappe/handler.py", line 214, in get_attr
    method = frappe.get_attr(cmd)
  File "/home/anotherguest/erpnext/projectName/apps/frappe/frappe/__init__.py", line 1055, in get_attr
    return getattr(get_module(modulename), methodname)
  File "/home/anotherguest/erpnext/projectName/apps/frappe/frappe/__init__.py", line 836, in get_module
    return importlib.import_module(modulename)
  File "/home/anotherguest/erpnext/projectName/env/lib/python3.5/importlib/__init__.py", line 126, in import_module
    return _bootstrap._gcd_import(name[level:], package, level)
  File "<frozen importlib._bootstrap>", line 986, in _gcd_import
  File "<frozen importlib._bootstrap>", line 969, in _find_and_load
  File "<frozen importlib._bootstrap>", line 958, in _find_and_load_unlocked
  File "<frozen importlib._bootstrap>", line 673, in _load_unlocked
  File "<frozen importlib._bootstrap_external>", line 665, in exec_module
  File "<frozen importlib._bootstrap>", line 222, in _call_with_frames_removed
  File "/home/anotherguest/erpnext/projectName/apps/library_management/library_management/custom_api/api_library.py", line 3, in <module>
    from retrieve_class import article_doc
ImportError: No module named 'retrieve_class'
[ERROR] 2020-12-02 17:09:06,722 | /home/anotherguest/erpnext/projectName/apps/frappe/frappe/utils/error.py:
New Exception collected with id: 2020-12-02 17:09:06.626004-127.0.0.1-965
[DEBUG] 2020-12-02 17:09:47,372 | /home/anotherguest/erpnext/projectName/apps/frappe/frappe/utils/scheduler.py:
Site: library.test
Queued events for site library.test
[DEBUG] 2020-12-02 17:10:47,509 | /home/anotherguest/erpnext/projectName/apps/frappe/frappe/utils/scheduler.py:
Site: library.test
Queued events for site library.test
[DEBUG] 2020-12-02 17:11:47,623 | /home/anotherguest/erpnext/projectName/apps/frappe/frappe/utils/scheduler.py:
Site: library.test
Queued events for site library.test
[DEBUG] 2020-12-02 17:12:47,778 | /home/anotherguest/erpnext/projectName/apps/frappe/frappe/utils/scheduler.py:
Site: library.test
Queued events for site library.test
[DEBUG] 2020-12-02 17:13:47,891 | /home/anotherguest/erpnext/projectName/apps/frappe/frappe/utils/scheduler.py:
Site: library.test
Queued events for site library.test
[DEBUG] 2020-12-02 17:14:47,996 | /home/anotherguest/erpnext/projectName/apps/frappe/frappe/utils/scheduler.py:
Site: library.test
Queued events for site library.test
[DEBUG] 2020-12-02 17:15:48,122 | /home/anotherguest/erpnext/projectName/apps/frappe/frappe/utils/scheduler.py:
Site: library.test
Queued events for site library.test
[DEBUG] 2020-12-02 17:16:48,257 | /home/anotherguest/erpnext/projectName/apps/frappe/frappe/utils/scheduler.py:
Site: library.test
Queued events for site library.test
[DEBUG] 2020-12-02 17:17:48,367 | /home/anotherguest/erpnext/projectName/apps/frappe/frappe/utils/scheduler.py:
Site: library.test
Queued events for site library.test
[DEBUG] 2020-12-02 17:18:48,471 | /home/anotherguest/erpnext/projectName/apps/frappe/frappe/utils/scheduler.py:
Site: library.test
Queued events for site library.test
[DEBUG] 2020-12-02 17:19:48,571 | /home/anotherguest/erpnext/projectName/apps/frappe/frappe/utils/scheduler.py:
Site: library.test
Queued events for site library.test
[DEBUG] 2020-12-02 17:20:48,692 | /home/anotherguest/erpnext/projectName/apps/frappe/frappe/utils/scheduler.py:
Site: library.test
Queued events for site library.test
[DEBUG] 2020-12-02 17:21:48,791 | /home/anotherguest/erpnext/projectName/apps/frappe/frappe/utils/scheduler.py:
Site: library.test
Queued events for site library.test
[DEBUG] 2020-12-02 17:22:48,897 | /home/anotherguest/erpnext/projectName/apps/frappe/frappe/utils/scheduler.py:
Site: library.test
Queued events for site library.test
[DEBUG] 2020-12-02 17:23:49,008 | /home/anotherguest/erpnext/projectName/apps/frappe/frappe/utils/scheduler.py:
Site: library.test
Queued events for site library.test
[DEBUG] 2020-12-02 17:24:49,170 | /home/anotherguest/erpnext/projectName/apps/frappe/frappe/utils/scheduler.py:
Site: library.test
Queued events for site library.test
[DEBUG] 2020-12-02 17:25:49,309 | /home/anotherguest/erpnext/projectName/apps/frappe/frappe/utils/scheduler.py:
Site: library.test
Queued events for site library.test
[DEBUG] 2020-12-02 17:26:49,455 | /home/anotherguest/erpnext/projectName/apps/frappe/frappe/utils/scheduler.py:
Site: library.test
Queued events for site library.test
[DEBUG] 2020-12-02 17:27:49,571 | /home/anotherguest/erpnext/projectName/apps/frappe/frappe/utils/scheduler.py:
Site: library.test
Queued events for site library.test
[DEBUG] 2020-12-02 17:28:49,700 | /home/anotherguest/erpnext/projectName/apps/frappe/frappe/utils/scheduler.py:
Site: library.test
Queued events for site library.test
[DEBUG] 2020-12-02 17:29:49,815 | /home/anotherguest/erpnext/projectName/apps/frappe/frappe/utils/scheduler.py:
Site: library.test
Queued events for site library.test
[DEBUG] 2020-12-02 17:30:49,915 | /home/anotherguest/erpnext/projectName/apps/frappe/frappe/utils/scheduler.py:
Site: library.test
Queued events for site library.test
[DEBUG] 2020-12-02 17:31:50,012 | /home/anotherguest/erpnext/projectName/apps/frappe/frappe/utils/scheduler.py:
Site: library.test
Queued events for site library.test
[DEBUG] 2020-12-02 17:32:50,159 | /home/anotherguest/erpnext/projectName/apps/frappe/frappe/utils/scheduler.py:
Site: library.test
Queued events for site library.test
[DEBUG] 2020-12-02 17:33:50,303 | /home/anotherguest/erpnext/projectName/apps/frappe/frappe/utils/scheduler.py:
Site: library.test
Queued events for site library.test
[DEBUG] 2020-12-02 17:34:50,450 | /home/anotherguest/erpnext/projectName/apps/frappe/frappe/utils/scheduler.py:
Site: library.test
Queued events for site library.test
[DEBUG] 2020-12-02 17:35:50,573 | /home/anotherguest/erpnext/projectName/apps/frappe/frappe/utils/scheduler.py:
Site: library.test
Queued events for site library.test
[DEBUG] 2020-12-02 17:36:50,696 | /home/anotherguest/erpnext/projectName/apps/frappe/frappe/utils/scheduler.py:
Site: library.test
Queued events for site library.test
[DEBUG] 2020-12-02 17:37:50,799 | /home/anotherguest/erpnext/projectName/apps/frappe/frappe/utils/scheduler.py:
Site: library.test
Queued events for site library.test
[DEBUG] 2020-12-02 17:38:50,910 | /home/anotherguest/erpnext/projectName/apps/frappe/frappe/utils/scheduler.py:
Site: library.test
Queued events for site library.test
[DEBUG] 2020-12-02 17:39:51,051 | /home/anotherguest/erpnext/projectName/apps/frappe/frappe/utils/scheduler.py:
Site: library.test
Queued events for site library.test
