[93mWARN: bench is installed in editable mode!

This is not the recommended mode of installation for production. Instead, install the package from PyPI with: `pip install frappe-bench`
[0m
[93mWARN: bench is installed in editable mode!

This is not the recommended mode of installation for production. Instead, install the package from PyPI with: `pip install frappe-bench`
[0m
[93mWARN: bench is installed in editable mode!

This is not the recommended mode of installation for production. Instead, install the package from PyPI with: `pip install frappe-bench`
[0m
[93mWARN: bench is installed in editable mode!

This is not the recommended mode of installation for production. Instead, install the package from PyPI with: `pip install frappe-bench`
[0m
[93mWARN: bench is installed in editable mode!

This is not the recommended mode of installation for production. Instead, install the package from PyPI with: `pip install frappe-bench`
[0m
[93mWARN: bench is installed in editable mode!

This is not the recommended mode of installation for production. Instead, install the package from PyPI with: `pip install frappe-bench`
[0m
invalid syntax (hooks.py, line 106) Route History
invalid syntax (hooks.py, line 106) Route History
invalid syntax (hooks.py, line 106) Route History
invalid syntax (hooks.py, line 106) Route History
invalid syntax (hooks.py, line 106) Route History
invalid syntax (hooks.py, line 106) Route History
invalid syntax (hooks.py, line 106) Route History
invalid syntax (hooks.py, line 106) Route History
invalid syntax (hooks.py, line 106) Route History
invalid syntax (hooks.py, line 106) Route History
invalid syntax (hooks.py, line 106) Route History
invalid syntax (hooks.py, line 106) Route History
invalid syntax (hooks.py, line 106) Route History
invalid syntax (hooks.py, line 106) Route History
invalid syntax (hooks.py, line 106) Route History
invalid syntax (hooks.py, line 106) Route History
invalid syntax (hooks.py, line 106) Route History
invalid syntax (hooks.py, line 106) Route History
invalid syntax (hooks.py, line 106) Route History
invalid syntax (hooks.py, line 106) Route History
invalid syntax (hooks.py, line 106) Route History
invalid syntax (hooks.py, line 106) Route History
Hello World 1 minute Log
Hello World 1 minute Log
Hello World 1 minute Log
Hello World 1 minute Log
Hello World 1 minute Log
Hello World 1 minute Log
Hello World 1 minute Log
Hello World 1 minute Log
Hello World 1 minute Log
Hello World 1 minute Log
Hello World 1 minute Log
Hello World 1 minute Log
Hello World 1 minute Log
Hello World 1 minute Log
None
None
None
None
None
()
()
()
()
()
